<?xml version="1.0" encoding="UTF-8" ?>
<testsuite tests="1" failures="0" name="hellocucumber.RunCucumberTest" time="145.199" errors="1" skipped="0">
  <properties>
[...]
</properties>
  <testcase classname="Flight search" name="Verify I can search flights given &apos;from, to, depart date, and return date&apos; parameters" time="145.199">
    <error message="Expected condition failed: waiting for visibility of all [] (tried for 120 second(s) with 500 milliseconds interval)
Build info: version: &apos;3.12.0&apos;, revision: &apos;7c6e0b3&apos;, time: &apos;2018-05-08T14:04:26.12Z&apos;
System info: host: &apos;mbp-de-nicolas&apos;, ip: &apos;2800:a4:1220:b00:cba:c567:292c:105a%en0&apos;, os.name: &apos;Mac OS X&apos;, os.arch: &apos;x86_64&apos;, os.version: &apos;10.13.3&apos;, java.version: &apos;1.8.0_171&apos;
Driver info: org.openqa.selenium.chrome.ChromeDriver
Capabilities {acceptInsecureCerts: false, acceptSslCerts: false, applicationCacheEnabled: false, browserConnectionEnabled: false, browserName: chrome, chrome: {chromedriverVersion: 2.38.552518 (183d19265345f5..., userDataDir: /var/folders/l3/qy6n0xjs4xs...}, cssSelectorsEnabled: true, databaseEnabled: false, handlesAlerts: true, hasTouchScreen: false, javascriptEnabled: true, locationContextEnabled: true, mobileEmulationEnabled: false, nativeEvents: true, networkConnectionEnabled: false, pageLoadStrategy: normal, platform: MAC, platformName: MAC, rotatable: false, setWindowRect: true, takesHeapSnapshot: true, takesScreenshot: true, unexpectedAlertBehaviour: , unhandledPromptBehavior: , version: 66.0.3359.181, webStorageEnabled: true}
Session ID: bf0bf3f70e3ed5e4cc756b7547a43ac4" type="org.openqa.selenium.TimeoutException">org.openqa.selenium.TimeoutException: Expected condition failed: waiting for visibility of all [] (tried for 120 second(s) with 500 milliseconds interval)
Build info: version: &apos;3.12.0&apos;, revision: &apos;7c6e0b3&apos;, time: &apos;2018-05-08T14:04:26.12Z&apos;
System info: host: &apos;mbp-de-nicolas&apos;, ip: &apos;2800:a4:1220:b00:cba:c567:292c:105a%en0&apos;, os.name: &apos;Mac OS X&apos;, os.arch: &apos;x86_64&apos;, os.version: &apos;10.13.3&apos;, java.version: &apos;1.8.0_171&apos;
Driver info: org.openqa.selenium.chrome.ChromeDriver
Capabilities {acceptInsecureCerts: false, acceptSslCerts: false, applicationCacheEnabled: false, browserConnectionEnabled: false, browserName: chrome, chrome: {chromedriverVersion: 2.38.552518 (183d19265345f5..., userDataDir: /var/folders/l3/qy6n0xjs4xs...}, cssSelectorsEnabled: true, databaseEnabled: false, handlesAlerts: true, hasTouchScreen: false, javascriptEnabled: true, locationContextEnabled: true, mobileEmulationEnabled: false, nativeEvents: true, networkConnectionEnabled: false, pageLoadStrategy: normal, platform: MAC, platformName: MAC, rotatable: false, setWindowRect: true, takesHeapSnapshot: true, takesScreenshot: true, unexpectedAlertBehaviour: , unhandledPromptBehavior: , version: 66.0.3359.181, webStorageEnabled: true}
Session ID: bf0bf3f70e3ed5e4cc756b7547a43ac4
	at org.openqa.selenium.support.ui.WebDriverWait.timeoutException(WebDriverWait.java:81)
	at org.openqa.selenium.support.ui.FluentWait.until(FluentWait.java:271)
	at hellocucumber.CommonComponents.FlightsGeoAutocompleteComponent.waitUntilItemsAreAllVisibles(FlightsGeoAutocompleteComponent.java:66)
	at hellocucumber.CommonComponents.FlightsGeoAutocompleteComponent.clickOnAirport(FlightsGeoAutocompleteComponent.java:40)
	at hellocucumber.pageObjects.Flight.SearchFlightPage.searchFlights(SearchFlightPage.java:49)
	at hellocucumber.steps.Flight.FlightSearchSteps.i_search_for_flights(FlightSearchSteps.java:30)
	at ✽.I search for flights(src/test/resources/hellocucumber/features/FlightSearch.feature:6)
</error>
    <system-out>Feature: Flight search
  As a User, I should be able to find flights

  Scenario: Verify I can search flights given &apos;from, to, depart date, and return date&apos; parameters &amp;#27;[90m# src/test/resources/hellocucumber/features/FlightSearch.feature:4&amp;#27;[0m
    &amp;#27;[32mGiven &amp;#27;[0m&amp;#27;[32mI go to Despegar flights site&amp;#27;[0m                                                           &amp;#27;[90m# CommonSteps.i_go_to_Despegar_flights_site()&amp;#27;[0m
------ &gt;&gt;&gt; Espacioooo container 2 ----&gt;&gt;&gt; 
    &amp;#27;[31mWhen &amp;#27;[0m&amp;#27;[31mI search for flights&amp;#27;[0m                                                                     &amp;#27;[90m# FlightSearchSteps.i_search_for_flights(DataTable)&amp;#27;[0m
      &amp;#27;[31morg.openqa.selenium.TimeoutException: Expected condition failed: waiting for visibility of all [] (tried for 120 second(s) with 500 milliseconds interval)
Build info: version: &apos;3.12.0&apos;, revision: &apos;7c6e0b3&apos;, time: &apos;2018-05-08T14:04:26.12Z&apos;
System info: host: &apos;mbp-de-nicolas&apos;, ip: &apos;2800:a4:1220:b00:cba:c567:292c:105a%en0&apos;, os.name: &apos;Mac OS X&apos;, os.arch: &apos;x86_64&apos;, os.version: &apos;10.13.3&apos;, java.version: &apos;1.8.0_171&apos;
Driver info: org.openqa.selenium.chrome.ChromeDriver
Capabilities {acceptInsecureCerts: false, acceptSslCerts: false, applicationCacheEnabled: false, browserConnectionEnabled: false, browserName: chrome, chrome: {chromedriverVersion: 2.38.552518 (183d19265345f5..., userDataDir: /var/folders/l3/qy6n0xjs4xs...}, cssSelectorsEnabled: true, databaseEnabled: false, handlesAlerts: true, hasTouchScreen: false, javascriptEnabled: true, locationContextEnabled: true, mobileEmulationEnabled: false, nativeEvents: true, networkConnectionEnabled: false, pageLoadStrategy: normal, platform: MAC, platformName: MAC, rotatable: false, setWindowRect: true, takesHeapSnapshot: true, takesScreenshot: true, unexpectedAlertBehaviour: , unhandledPromptBehavior: , version: 66.0.3359.181, webStorageEnabled: true}
Session ID: bf0bf3f70e3ed5e4cc756b7547a43ac4
	at org.openqa.selenium.support.ui.WebDriverWait.timeoutException(WebDriverWait.java:81)
	at org.openqa.selenium.support.ui.FluentWait.until(FluentWait.java:271)
	at hellocucumber.CommonComponents.FlightsGeoAutocompleteComponent.waitUntilItemsAreAllVisibles(FlightsGeoAutocompleteComponent.java:66)
	at hellocucumber.CommonComponents.FlightsGeoAutocompleteComponent.clickOnAirport(FlightsGeoAutocompleteComponent.java:40)
	at hellocucumber.pageObjects.Flight.SearchFlightPage.searchFlights(SearchFlightPage.java:49)
	at hellocucumber.steps.Flight.FlightSearchSteps.i_search_for_flights(FlightSearchSteps.java:30)
	at ✽.I search for flights(src/test/resources/hellocucumber/features/FlightSearch.feature:6)
&amp;#27;[0m
</system-out>
    <system-err>Starting ChromeDriver 2.38.552518 (183d19265345f54ce39cbb94cf81ba5f15905011) on port 44382
Only local connections are allowed.
May 20, 2018 5:37:15 PM org.openqa.selenium.remote.ProtocolHandshake createSession
INFO: Detected dialect: OSS
</system-err>
  </testcase>
</testsuite>